[32m[INFO] Initialize thermostat service. Entity ID: climate.rpi_device_thermostat[0m
[33m[DEBUG] Action length: 463.0[0m
[33m[DEBUG] Interruption level: None[0m
[33m[DEBUG] Interruption time: 0.0[0m
[33m[DEBUG] Interruption moment: 0.5[0m
[32m[INFO] Transition from 68 to 69 at 2025-12-18 23:12:53.542[0m
[32m[INFO] Initialize thermostat service. Entity ID: climate.rpi_device_thermostat[0m
[33m[DEBUG] Action length: 361.0[0m
[33m[DEBUG] Interruption level: None[0m
[33m[DEBUG] Interruption time: 0.0[0m
[33m[DEBUG] Interruption moment: 0.5[0m
[32m[INFO] Transition from 68 to 69 at 2025-12-18 23:15:51.086[0m
[32m[INFO] Initialize thermostat service. Entity ID: climate.rpi_device_thermostat[0m
[33m[DEBUG] Action length: 445.0[0m
[33m[DEBUG] Interruption level: None[0m
[33m[DEBUG] Interruption time: 0.0[0m
[33m[DEBUG] Interruption moment: 0.5[0m
[32m[INFO] Transition from 68 to 69 at 2025-12-18 23:16:24.459[0m
[32m[INFO] Initialize thermostat service. Entity ID: climate.rpi_device_thermostat[0m
[33m[DEBUG] Action length: 384.0[0m
[33m[DEBUG] Interruption level: None[0m
[33m[DEBUG] Interruption time: 0.0[0m
[33m[DEBUG] Interruption moment: 0.5[0m
[32m[INFO] Transition from 68 to 69 at 2025-12-18 23:17:06.363[0m
[32m[INFO] Initialize thermostat service. Entity ID: climate.rpi_device_thermostat[0m
[32m[INFO] Initialize thermostat service. Entity ID: climate.rpi_device_thermostat[0m
[33m[DEBUG] Action length: 309.0[0m
[33m[DEBUG] Interruption level: None[0m
[33m[DEBUG] Interruption time: 0.0[0m
[33m[DEBUG] Interruption moment: 0.5[0m
[32m[INFO] Transition from 68 to 69 at 2025-12-18 23:40:26.086[0m
[32m[INFO] Initialize thermostat service. Entity ID: climate.rpi_device_thermostat[0m
[33m[DEBUG] Action length: 769.0[0m
[33m[DEBUG] Interruption level: None[0m
[33m[DEBUG] Interruption time: 0.0[0m
[33m[DEBUG] Interruption moment: 0.5[0m
[32m[INFO] Transition from 68 to 69 at 2025-12-18 23:41:49.086[0m
[32m[INFO] Initialize thermostat service. Entity ID: climate.rpi_device_thermostat[0m
