2025-12-18 20:38:51.940 WARNING (MainThread) [py.warnings] /home/kw37/RASCal-NSDI-26-Artifacts/home-assistant-core/.venv/lib/python3.11/site-packages/webrtcvad.py:1: UserWarning: pkg_resources is deprecated as an API. See https://setuptools.pypa.io/en/latest/pkg_resources.html. The pkg_resources package is slated for removal as early as 2025-11-30. Refrain from using this package or pin to Setuptools<81.
  import pkg_resources

2025-12-18 20:38:59.690 WARNING (MainThread) [py.warnings] /home/kw37/RASCal-NSDI-26-Artifacts/home-assistant-core/.venv/lib/python3.11/site-packages/scipy/stats/_continuous_distns.py:3098: RuntimeWarning: overflow encountered in exp
  Cx = (1+np.exp(-x))**(-c)

2025-12-18 20:39:33.080 INFO (MainThread) [homeassistant.components.rasc] Start action open_cover on cover.rpi_device_door with data {}
2025-12-18 20:39:33.080 DEBUG (MainThread) [rasc.abstraction] Execute service: <ServiceCall cover.open_cover (c:01KCT7M3PRMQM2YJ0D5KECJZ3G): entity_id=cover.rpi_device_door>
2025-12-18 20:39:33.087 DEBUG (MainThread) [rasc.abstraction] cover.rpi_device_door open_cover : ack
2025-12-18 20:39:33.087 DEBUG (MainThread) [rasc.abstraction] Start tracking cover.rpi_device_door
2025-12-18 20:39:33.202 DEBUG (MainThread) [rasc.abstraction] Max polls: 1
2025-12-18 20:39:33.289 DEBUG (MainThread) [rasc.abstraction] Max polls: 2
2025-12-18 20:39:33.290 DEBUG (MainThread) [rasc.abstraction] Next polling interval for cover.rpi_device_door: 0:00:00.000025
2025-12-18 20:39:33.294 DEBUG (MainThread) [rasc.abstraction] cover.rpi_device_door open_cover : start
2025-12-18 20:39:33.294 DEBUG (MainThread) [rasc.abstraction] Next polling interval for cover.rpi_device_door: 0:00:03.882090
2025-12-18 20:39:37.178 DEBUG (MainThread) [rasc.abstraction] # polls used: 2, current_time: 2025-12-18 20:39:37.178
2025-12-18 20:39:37.179 DEBUG (MainThread) [rasc.abstraction] cover.rpi_device_door open_cover : complete
2025-12-18 20:39:37.180 INFO (MainThread) [homeassistant.components.rasc] Completed action open_cover on cover.rpi_device_door
2025-12-18 20:39:37.180 INFO (MainThread) [homeassistant.components.rasc] Start reset action close_cover on cover.rpi_device_door with data {}
2025-12-18 20:39:37.180 DEBUG (MainThread) [rasc.abstraction] Execute service: <ServiceCall cover.close_cover (c:01KCT7M7PW8TMSN7NP2J498683): entity_id=cover.rpi_device_door>
2025-12-18 20:39:37.183 DEBUG (MainThread) [rasc.abstraction] cover.rpi_device_door close_cover : ack
2025-12-18 20:39:37.183 DEBUG (MainThread) [rasc.abstraction] Start tracking cover.rpi_device_door
2025-12-18 20:39:37.250 DEBUG (MainThread) [rasc.abstraction] Max polls: 1
2025-12-18 20:39:37.314 DEBUG (MainThread) [rasc.abstraction] Max polls: 2
2025-12-18 20:39:37.315 DEBUG (MainThread) [rasc.abstraction] Next polling interval for cover.rpi_device_door: 0:00:00.000020
2025-12-18 20:39:37.316 DEBUG (MainThread) [rasc.abstraction] cover.rpi_device_door close_cover : start
2025-12-18 20:39:37.316 DEBUG (MainThread) [rasc.abstraction] Next polling interval for cover.rpi_device_door: 0:00:03.894310
2025-12-18 20:39:41.212 DEBUG (MainThread) [rasc.abstraction] # polls used: 2, current_time: 2025-12-18 20:39:41.212
2025-12-18 20:39:41.213 DEBUG (MainThread) [rasc.abstraction] cover.rpi_device_door close_cover : complete
2025-12-18 20:39:41.214 INFO (MainThread) [homeassistant.components.rasc] Completed reset action close_cover on cover.rpi_device_door
2025-12-18 20:39:41.214 INFO (MainThread) [homeassistant.components.rasc] Start action open_cover on cover.rpi_device_door with data {}
2025-12-18 20:39:41.214 DEBUG (MainThread) [rasc.abstraction] Execute service: <ServiceCall cover.open_cover (c:01KCT7MBMY0TBAQ4R0NESGTN9X): entity_id=cover.rpi_device_door>
2025-12-18 20:39:41.216 DEBUG (MainThread) [rasc.abstraction] cover.rpi_device_door open_cover : ack
2025-12-18 20:39:41.216 DEBUG (MainThread) [rasc.abstraction] Start tracking cover.rpi_device_door
2025-12-18 20:39:41.282 DEBUG (MainThread) [rasc.abstraction] Max polls: 1
2025-12-18 20:39:41.346 DEBUG (MainThread) [rasc.abstraction] Max polls: 2
2025-12-18 20:39:41.346 DEBUG (MainThread) [rasc.abstraction] Next polling interval for cover.rpi_device_door: 0:00:00.000025
2025-12-18 20:39:41.347 DEBUG (MainThread) [rasc.abstraction] cover.rpi_device_door open_cover : start
2025-12-18 20:39:41.347 DEBUG (MainThread) [rasc.abstraction] Next polling interval for cover.rpi_device_door: 0:00:03.874583
2025-12-18 20:39:45.223 DEBUG (MainThread) [rasc.abstraction] # polls used: 2, current_time: 2025-12-18 20:39:45.223
2025-12-18 20:39:45.224 DEBUG (MainThread) [rasc.abstraction] cover.rpi_device_door open_cover : complete
2025-12-18 20:39:45.226 INFO (MainThread) [homeassistant.components.rasc] Completed action open_cover on cover.rpi_device_door
2025-12-18 20:39:45.226 INFO (MainThread) [homeassistant.components.rasc] Start reset action close_cover on cover.rpi_device_door with data {}
2025-12-18 20:39:45.226 DEBUG (MainThread) [rasc.abstraction] Execute service: <ServiceCall cover.close_cover (c:01KCT7MFJA4C0D5XZB56G9BKC7): entity_id=cover.rpi_device_door>
2025-12-18 20:39:45.227 DEBUG (MainThread) [rasc.abstraction] cover.rpi_device_door close_cover : ack
2025-12-18 20:39:45.228 DEBUG (MainThread) [rasc.abstraction] Start tracking cover.rpi_device_door
2025-12-18 20:39:45.292 DEBUG (MainThread) [rasc.abstraction] Max polls: 1
2025-12-18 20:39:45.357 DEBUG (MainThread) [rasc.abstraction] Max polls: 2
2025-12-18 20:39:45.357 DEBUG (MainThread) [rasc.abstraction] Next polling interval for cover.rpi_device_door: 0:00:00.000020
2025-12-18 20:39:45.358 DEBUG (MainThread) [rasc.abstraction] cover.rpi_device_door close_cover : start
2025-12-18 20:39:45.358 DEBUG (MainThread) [rasc.abstraction] Next polling interval for cover.rpi_device_door: 0:00:03.885415
2025-12-18 20:39:49.245 DEBUG (MainThread) [rasc.abstraction] # polls used: 2, current_time: 2025-12-18 20:39:49.245
2025-12-18 20:39:49.245 DEBUG (MainThread) [rasc.abstraction] cover.rpi_device_door close_cover : complete
2025-12-18 20:39:49.246 INFO (MainThread) [homeassistant.components.rasc] Completed reset action close_cover on cover.rpi_device_door
2025-12-18 20:39:49.247 INFO (MainThread) [homeassistant.components.rasc] Start action open_cover on cover.rpi_device_door with data {}
2025-12-18 20:39:49.247 DEBUG (MainThread) [rasc.abstraction] Execute service: <ServiceCall cover.open_cover (c:01KCT7MKFZVD8AD4WZEXYVTC2D): entity_id=cover.rpi_device_door>
2025-12-18 20:39:49.248 DEBUG (MainThread) [rasc.abstraction] cover.rpi_device_door open_cover : ack
2025-12-18 20:39:49.248 DEBUG (MainThread) [rasc.abstraction] Start tracking cover.rpi_device_door
2025-12-18 20:39:49.313 DEBUG (MainThread) [rasc.abstraction] Max polls: 1
2025-12-18 20:39:49.377 DEBUG (MainThread) [rasc.abstraction] Max polls: 2
2025-12-18 20:39:49.377 DEBUG (MainThread) [rasc.abstraction] Next polling interval for cover.rpi_device_door: 0:00:00.000025
2025-12-18 20:39:49.378 DEBUG (MainThread) [rasc.abstraction] cover.rpi_device_door open_cover : start
2025-12-18 20:39:49.378 DEBUG (MainThread) [rasc.abstraction] Next polling interval for cover.rpi_device_door: 0:00:03.867462
2025-12-18 20:39:53.247 DEBUG (MainThread) [rasc.abstraction] Next polling interval for cover.rpi_device_door: 0:00:00.548740
2025-12-18 20:39:53.798 DEBUG (MainThread) [rasc.abstraction] # polls used: 3, current_time: 2025-12-18 20:39:53.798
2025-12-18 20:39:53.798 DEBUG (MainThread) [rasc.abstraction] cover.rpi_device_door open_cover : complete
2025-12-18 20:39:53.799 INFO (MainThread) [homeassistant.components.rasc] Completed action open_cover on cover.rpi_device_door
2025-12-18 20:39:53.799 INFO (MainThread) [homeassistant.components.rasc] Start reset action close_cover on cover.rpi_device_door with data {}
2025-12-18 20:39:53.799 DEBUG (MainThread) [rasc.abstraction] Execute service: <ServiceCall cover.close_cover (c:01KCT7MQY7VCNN7ZKA5F1J2ZT5): entity_id=cover.rpi_device_door>
2025-12-18 20:39:53.800 DEBUG (MainThread) [rasc.abstraction] cover.rpi_device_door close_cover : ack
2025-12-18 20:39:53.800 DEBUG (MainThread) [rasc.abstraction] Start tracking cover.rpi_device_door
2025-12-18 20:39:53.867 DEBUG (MainThread) [rasc.abstraction] Max polls: 1
2025-12-18 20:39:53.933 DEBUG (MainThread) [rasc.abstraction] Max polls: 2
2025-12-18 20:39:53.933 DEBUG (MainThread) [rasc.abstraction] Next polling interval for cover.rpi_device_door: 0:00:00.000020
2025-12-18 20:39:53.934 DEBUG (MainThread) [rasc.abstraction] cover.rpi_device_door close_cover : start
2025-12-18 20:39:53.934 DEBUG (MainThread) [rasc.abstraction] Next polling interval for cover.rpi_device_door: 0:00:03.876924
2025-12-18 20:39:57.812 DEBUG (MainThread) [rasc.abstraction] # polls used: 2, current_time: 2025-12-18 20:39:57.812
2025-12-18 20:39:57.813 DEBUG (MainThread) [rasc.abstraction] cover.rpi_device_door close_cover : complete
2025-12-18 20:39:57.813 INFO (MainThread) [homeassistant.components.rasc] Completed reset action close_cover on cover.rpi_device_door
2025-12-18 20:39:57.813 INFO (MainThread) [homeassistant.components.rasc] Start action open_cover on cover.rpi_device_door with data {}
2025-12-18 20:39:57.813 DEBUG (MainThread) [rasc.abstraction] Execute service: <ServiceCall cover.open_cover (c:01KCT7MVVNFFBPQYZGE5M0N1TV): entity_id=cover.rpi_device_door>
2025-12-18 20:39:57.815 DEBUG (MainThread) [rasc.abstraction] cover.rpi_device_door open_cover : ack
2025-12-18 20:39:57.815 DEBUG (MainThread) [rasc.abstraction] Start tracking cover.rpi_device_door
2025-12-18 20:39:57.880 DEBUG (MainThread) [rasc.abstraction] Max polls: 1
2025-12-18 20:39:57.946 DEBUG (MainThread) [rasc.abstraction] Max polls: 2
2025-12-18 20:39:57.946 DEBUG (MainThread) [rasc.abstraction] Next polling interval for cover.rpi_device_door: 0:00:00.000025
2025-12-18 20:39:57.947 DEBUG (MainThread) [rasc.abstraction] cover.rpi_device_door open_cover : start
2025-12-18 20:39:57.947 DEBUG (MainThread) [rasc.abstraction] Next polling interval for cover.rpi_device_door: 0:00:03.899702
2025-12-18 20:40:01.848 DEBUG (MainThread) [rasc.abstraction] # polls used: 2, current_time: 2025-12-18 20:40:01.848
2025-12-18 20:40:01.849 DEBUG (MainThread) [rasc.abstraction] cover.rpi_device_door open_cover : complete
2025-12-18 20:40:01.850 INFO (MainThread) [homeassistant.components.rasc] Completed action open_cover on cover.rpi_device_door
2025-12-18 20:40:01.850 INFO (MainThread) [homeassistant.components.rasc] Start reset action close_cover on cover.rpi_device_door with data {}
2025-12-18 20:40:01.850 DEBUG (MainThread) [rasc.abstraction] Execute service: <ServiceCall cover.close_cover (c:01KCT7MZST0W57VWCPAXPTZCS4): entity_id=cover.rpi_device_door>
2025-12-18 20:40:01.852 DEBUG (MainThread) [rasc.abstraction] cover.rpi_device_door close_cover : ack
2025-12-18 20:40:01.852 DEBUG (MainThread) [rasc.abstraction] Start tracking cover.rpi_device_door
2025-12-18 20:40:01.918 DEBUG (MainThread) [rasc.abstraction] Max polls: 1
2025-12-18 20:40:01.982 DEBUG (MainThread) [rasc.abstraction] Max polls: 2
2025-12-18 20:40:01.982 DEBUG (MainThread) [rasc.abstraction] Next polling interval for cover.rpi_device_door: 0:00:00.000020
2025-12-18 20:40:01.983 DEBUG (MainThread) [rasc.abstraction] cover.rpi_device_door close_cover : start
2025-12-18 20:40:01.983 DEBUG (MainThread) [rasc.abstraction] Next polling interval for cover.rpi_device_door: 0:00:03.868866
2025-12-18 20:40:05.854 DEBUG (MainThread) [rasc.abstraction] Next polling interval for cover.rpi_device_door: 0:00:00.671257
2025-12-18 20:40:06.526 DEBUG (MainThread) [rasc.abstraction] # polls used: 3, current_time: 2025-12-18 20:40:06.526
2025-12-18 20:40:06.526 DEBUG (MainThread) [rasc.abstraction] cover.rpi_device_door close_cover : complete
2025-12-18 20:40:06.528 INFO (MainThread) [homeassistant.components.rasc] Completed reset action close_cover on cover.rpi_device_door
2025-12-18 20:40:06.528 INFO (MainThread) [homeassistant.components.rasc] Start action open_cover on cover.rpi_device_door with data {}
2025-12-18 20:40:06.528 DEBUG (MainThread) [rasc.abstraction] Execute service: <ServiceCall cover.open_cover (c:01KCT7N4C0K3A8QF29GGHBC3HM): entity_id=cover.rpi_device_door>
2025-12-18 20:40:06.529 DEBUG (MainThread) [rasc.abstraction] cover.rpi_device_door open_cover : ack
2025-12-18 20:40:06.529 DEBUG (MainThread) [rasc.abstraction] Start tracking cover.rpi_device_door
2025-12-18 20:40:06.594 DEBUG (MainThread) [rasc.abstraction] Max polls: 1
2025-12-18 20:40:06.656 DEBUG (MainThread) [rasc.abstraction] Max polls: 2
2025-12-18 20:40:06.657 DEBUG (MainThread) [rasc.abstraction] Next polling interval for cover.rpi_device_door: 0:00:00.000025
2025-12-18 20:40:06.657 DEBUG (MainThread) [rasc.abstraction] cover.rpi_device_door open_cover : start
2025-12-18 20:40:06.657 DEBUG (MainThread) [rasc.abstraction] Next polling interval for cover.rpi_device_door: 0:00:03.892425
2025-12-18 20:40:10.552 DEBUG (MainThread) [rasc.abstraction] # polls used: 2, current_time: 2025-12-18 20:40:10.552
2025-12-18 20:40:10.553 DEBUG (MainThread) [rasc.abstraction] cover.rpi_device_door open_cover : complete
2025-12-18 20:40:10.554 INFO (MainThread) [homeassistant.components.rasc] Completed action open_cover on cover.rpi_device_door
2025-12-18 20:40:10.554 INFO (MainThread) [homeassistant.components.rasc] Start reset action close_cover on cover.rpi_device_door with data {}
2025-12-18 20:40:10.554 DEBUG (MainThread) [rasc.abstraction] Execute service: <ServiceCall cover.close_cover (c:01KCT7N89TS3JTDXESZ5PN4WCV): entity_id=cover.rpi_device_door>
2025-12-18 20:40:10.556 DEBUG (MainThread) [rasc.abstraction] cover.rpi_device_door close_cover : ack
2025-12-18 20:40:10.556 DEBUG (MainThread) [rasc.abstraction] Start tracking cover.rpi_device_door
2025-12-18 20:40:10.626 DEBUG (MainThread) [rasc.abstraction] Max polls: 1
2025-12-18 20:40:10.689 DEBUG (MainThread) [rasc.abstraction] Max polls: 2
2025-12-18 20:40:10.690 DEBUG (MainThread) [rasc.abstraction] Next polling interval for cover.rpi_device_door: 0:00:00.000020
2025-12-18 20:40:10.691 DEBUG (MainThread) [rasc.abstraction] cover.rpi_device_door close_cover : start
2025-12-18 20:40:10.691 DEBUG (MainThread) [rasc.abstraction] Next polling interval for cover.rpi_device_door: 0:00:03.906061
2025-12-18 20:40:14.599 DEBUG (MainThread) [rasc.abstraction] # polls used: 2, current_time: 2025-12-18 20:40:14.599
2025-12-18 20:40:14.600 DEBUG (MainThread) [rasc.abstraction] cover.rpi_device_door close_cover : complete
2025-12-18 20:40:14.601 INFO (MainThread) [homeassistant.components.rasc] Completed reset action close_cover on cover.rpi_device_door
2025-12-18 20:40:14.601 INFO (MainThread) [homeassistant.components.rasc] Start action open_cover on cover.rpi_device_door with data {}
2025-12-18 20:40:14.601 DEBUG (MainThread) [rasc.abstraction] Execute service: <ServiceCall cover.open_cover (c:01KCT7NC89WXBF3PV9135R8WBG): entity_id=cover.rpi_device_door>
2025-12-18 20:40:14.603 DEBUG (MainThread) [rasc.abstraction] cover.rpi_device_door open_cover : ack
2025-12-18 20:40:14.603 DEBUG (MainThread) [rasc.abstraction] Start tracking cover.rpi_device_door
2025-12-18 20:40:14.668 DEBUG (MainThread) [rasc.abstraction] Max polls: 1
2025-12-18 20:40:14.730 DEBUG (MainThread) [rasc.abstraction] Max polls: 2
2025-12-18 20:40:14.730 DEBUG (MainThread) [rasc.abstraction] Next polling interval for cover.rpi_device_door: 0:00:00.000025
2025-12-18 20:40:14.731 DEBUG (MainThread) [rasc.abstraction] cover.rpi_device_door open_cover : start
2025-12-18 20:40:14.731 DEBUG (MainThread) [rasc.abstraction] Next polling interval for cover.rpi_device_door: 0:00:03.885437
2025-12-18 20:40:18.619 DEBUG (MainThread) [rasc.abstraction] # polls used: 2, current_time: 2025-12-18 20:40:18.619
2025-12-18 20:40:18.619 DEBUG (MainThread) [rasc.abstraction] cover.rpi_device_door open_cover : complete
2025-12-18 20:40:18.621 INFO (MainThread) [homeassistant.components.rasc] Completed action open_cover on cover.rpi_device_door
2025-12-18 20:40:18.621 INFO (MainThread) [homeassistant.components.rasc] Start reset action close_cover on cover.rpi_device_door with data {}
2025-12-18 20:40:18.621 DEBUG (MainThread) [rasc.abstraction] Execute service: <ServiceCall cover.close_cover (c:01KCT7NG5XZJFPCG5RH0JQZ5DV): entity_id=cover.rpi_device_door>
2025-12-18 20:40:18.622 DEBUG (MainThread) [rasc.abstraction] cover.rpi_device_door close_cover : ack
2025-12-18 20:40:18.622 DEBUG (MainThread) [rasc.abstraction] Start tracking cover.rpi_device_door
2025-12-18 20:40:18.688 DEBUG (MainThread) [rasc.abstraction] Max polls: 1
2025-12-18 20:40:18.752 DEBUG (MainThread) [rasc.abstraction] Max polls: 2
2025-12-18 20:40:18.753 DEBUG (MainThread) [rasc.abstraction] Next polling interval for cover.rpi_device_door: 0:00:00.000020
2025-12-18 20:40:18.753 DEBUG (MainThread) [rasc.abstraction] cover.rpi_device_door close_cover : start
2025-12-18 20:40:18.753 DEBUG (MainThread) [rasc.abstraction] Next polling interval for cover.rpi_device_door: 0:00:03.897742
2025-12-18 20:40:22.652 DEBUG (MainThread) [rasc.abstraction] # polls used: 2, current_time: 2025-12-18 20:40:22.652
2025-12-18 20:40:22.654 DEBUG (MainThread) [rasc.abstraction] cover.rpi_device_door close_cover : complete
2025-12-18 20:40:22.655 INFO (MainThread) [homeassistant.components.rasc] Completed reset action close_cover on cover.rpi_device_door
2025-12-18 20:40:22.655 INFO (MainThread) [homeassistant.components.rasc] Start action open_cover on cover.rpi_device_door with data {}
2025-12-18 20:40:22.655 DEBUG (MainThread) [rasc.abstraction] Execute service: <ServiceCall cover.open_cover (c:01KCT7NM3Z502D8F9RMGA1JRRH): entity_id=cover.rpi_device_door>
2025-12-18 20:40:22.656 DEBUG (MainThread) [rasc.abstraction] cover.rpi_device_door open_cover : ack
2025-12-18 20:40:22.656 DEBUG (MainThread) [rasc.abstraction] Start tracking cover.rpi_device_door
2025-12-18 20:40:22.725 DEBUG (MainThread) [rasc.abstraction] Max polls: 1
2025-12-18 20:40:22.790 DEBUG (MainThread) [rasc.abstraction] Max polls: 2
2025-12-18 20:40:22.791 DEBUG (MainThread) [rasc.abstraction] Next polling interval for cover.rpi_device_door: 0:00:00.000025
2025-12-18 20:40:22.792 DEBUG (MainThread) [rasc.abstraction] cover.rpi_device_door open_cover : start
2025-12-18 20:40:22.792 DEBUG (MainThread) [rasc.abstraction] Next polling interval for cover.rpi_device_door: 0:00:03.878757
2025-12-18 20:40:26.672 DEBUG (MainThread) [rasc.abstraction] # polls used: 2, current_time: 2025-12-18 20:40:26.672
2025-12-18 20:40:26.673 DEBUG (MainThread) [rasc.abstraction] cover.rpi_device_door open_cover : complete
2025-12-18 20:40:26.674 INFO (MainThread) [homeassistant.components.rasc] Completed action open_cover on cover.rpi_device_door
2025-12-18 20:40:26.674 INFO (MainThread) [homeassistant.components.rasc] Start reset action close_cover on cover.rpi_device_door with data {}
2025-12-18 20:40:26.674 DEBUG (MainThread) [rasc.abstraction] Execute service: <ServiceCall cover.close_cover (c:01KCT7NR1JFV1JH2BNKXWT8BJ6): entity_id=cover.rpi_device_door>
2025-12-18 20:40:26.675 DEBUG (MainThread) [rasc.abstraction] cover.rpi_device_door close_cover : ack
2025-12-18 20:40:26.675 DEBUG (MainThread) [rasc.abstraction] Start tracking cover.rpi_device_door
2025-12-18 20:40:26.742 DEBUG (MainThread) [rasc.abstraction] Max polls: 1
2025-12-18 20:40:26.804 DEBUG (MainThread) [rasc.abstraction] Max polls: 2
2025-12-18 20:40:26.804 DEBUG (MainThread) [rasc.abstraction] Next polling interval for cover.rpi_device_door: 0:00:00.000020
2025-12-18 20:40:26.805 DEBUG (MainThread) [rasc.abstraction] cover.rpi_device_door close_cover : start
2025-12-18 20:40:26.805 DEBUG (MainThread) [rasc.abstraction] Next polling interval for cover.rpi_device_door: 0:00:03.889772
2025-12-18 20:40:30.696 DEBUG (MainThread) [rasc.abstraction] # polls used: 2, current_time: 2025-12-18 20:40:30.696
2025-12-18 20:40:30.697 DEBUG (MainThread) [rasc.abstraction] cover.rpi_device_door close_cover : complete
2025-12-18 20:40:30.698 INFO (MainThread) [homeassistant.components.rasc] Completed reset action close_cover on cover.rpi_device_door
2025-12-18 20:40:30.698 INFO (MainThread) [homeassistant.components.rasc] Start action open_cover on cover.rpi_device_door with data {}
2025-12-18 20:40:30.698 DEBUG (MainThread) [rasc.abstraction] Execute service: <ServiceCall cover.open_cover (c:01KCT7NVZA8H99X6VFVEQ19WNK): entity_id=cover.rpi_device_door>
2025-12-18 20:40:30.699 DEBUG (MainThread) [rasc.abstraction] cover.rpi_device_door open_cover : ack
2025-12-18 20:40:30.699 DEBUG (MainThread) [rasc.abstraction] Start tracking cover.rpi_device_door
2025-12-18 20:40:30.766 DEBUG (MainThread) [rasc.abstraction] Max polls: 1
2025-12-18 20:40:30.827 DEBUG (MainThread) [rasc.abstraction] Max polls: 2
2025-12-18 20:40:30.827 DEBUG (MainThread) [rasc.abstraction] Next polling interval for cover.rpi_device_door: 0:00:00.000025
2025-12-18 20:40:30.828 DEBUG (MainThread) [rasc.abstraction] cover.rpi_device_door open_cover : start
2025-12-18 20:40:30.828 DEBUG (MainThread) [rasc.abstraction] Next polling interval for cover.rpi_device_door: 0:00:03.872356
2025-12-18 20:40:34.702 DEBUG (MainThread) [rasc.abstraction] Next polling interval for cover.rpi_device_door: 0:00:00.564490
2025-12-18 20:40:35.268 DEBUG (MainThread) [rasc.abstraction] # polls used: 3, current_time: 2025-12-18 20:40:35.268
2025-12-18 20:40:35.268 DEBUG (MainThread) [rasc.abstraction] cover.rpi_device_door open_cover : complete
2025-12-18 20:40:35.270 INFO (MainThread) [homeassistant.components.rasc] Completed action open_cover on cover.rpi_device_door
2025-12-18 20:40:35.270 INFO (MainThread) [homeassistant.components.rasc] Start reset action close_cover on cover.rpi_device_door with data {}
2025-12-18 20:40:35.270 DEBUG (MainThread) [rasc.abstraction] Execute service: <ServiceCall cover.close_cover (c:01KCT7P0E6N45BM7KB9KJDK8SN): entity_id=cover.rpi_device_door>
2025-12-18 20:40:35.272 DEBUG (MainThread) [rasc.abstraction] cover.rpi_device_door close_cover : ack
2025-12-18 20:40:35.272 DEBUG (MainThread) [rasc.abstraction] Start tracking cover.rpi_device_door
2025-12-18 20:40:35.341 DEBUG (MainThread) [rasc.abstraction] Max polls: 1
2025-12-18 20:40:35.403 DEBUG (MainThread) [rasc.abstraction] Max polls: 2
2025-12-18 20:40:35.403 DEBUG (MainThread) [rasc.abstraction] Next polling interval for cover.rpi_device_door: 0:00:00.000020
2025-12-18 20:40:35.404 DEBUG (MainThread) [rasc.abstraction] cover.rpi_device_door close_cover : start
2025-12-18 20:40:35.404 DEBUG (MainThread) [rasc.abstraction] Next polling interval for cover.rpi_device_door: 0:00:03.882152
2025-12-18 20:40:39.289 DEBUG (MainThread) [rasc.abstraction] # polls used: 2, current_time: 2025-12-18 20:40:39.289
2025-12-18 20:40:39.289 DEBUG (MainThread) [rasc.abstraction] cover.rpi_device_door close_cover : complete
2025-12-18 20:40:39.291 INFO (MainThread) [homeassistant.components.rasc] Completed reset action close_cover on cover.rpi_device_door
2025-12-18 20:40:39.291 INFO (MainThread) [homeassistant.components.rasc] Start action open_cover on cover.rpi_device_door with data {}
2025-12-18 20:40:39.291 DEBUG (MainThread) [rasc.abstraction] Execute service: <ServiceCall cover.open_cover (c:01KCT7P4BV7KZFKS55SH7B9CK3): entity_id=cover.rpi_device_door>
2025-12-18 20:40:39.292 DEBUG (MainThread) [rasc.abstraction] cover.rpi_device_door open_cover : ack
2025-12-18 20:40:39.292 DEBUG (MainThread) [rasc.abstraction] Start tracking cover.rpi_device_door
2025-12-18 20:40:39.360 DEBUG (MainThread) [rasc.abstraction] Max polls: 1
2025-12-18 20:40:39.426 DEBUG (MainThread) [rasc.abstraction] Max polls: 2
2025-12-18 20:40:39.426 DEBUG (MainThread) [rasc.abstraction] Next polling interval for cover.rpi_device_door: 0:00:00.000025
2025-12-18 20:40:39.427 DEBUG (MainThread) [rasc.abstraction] cover.rpi_device_door open_cover : start
2025-12-18 20:40:39.427 DEBUG (MainThread) [rasc.abstraction] Next polling interval for cover.rpi_device_door: 0:00:03.901236
2025-12-18 20:40:43.329 DEBUG (MainThread) [rasc.abstraction] # polls used: 2, current_time: 2025-12-18 20:40:43.329
2025-12-18 20:40:43.330 DEBUG (MainThread) [rasc.abstraction] cover.rpi_device_door open_cover : complete
2025-12-18 20:40:43.332 INFO (MainThread) [homeassistant.components.rasc] Completed action open_cover on cover.rpi_device_door
2025-12-18 20:40:43.332 INFO (MainThread) [homeassistant.components.rasc] Start reset action close_cover on cover.rpi_device_door with data {}
2025-12-18 20:40:43.332 DEBUG (MainThread) [rasc.abstraction] Execute service: <ServiceCall cover.close_cover (c:01KCT7P8A413TH0J9YEF7YJS6Y): entity_id=cover.rpi_device_door>
2025-12-18 20:40:43.333 DEBUG (MainThread) [rasc.abstraction] cover.rpi_device_door close_cover : ack
2025-12-18 20:40:43.333 DEBUG (MainThread) [rasc.abstraction] Start tracking cover.rpi_device_door
2025-12-18 20:40:43.401 DEBUG (MainThread) [rasc.abstraction] Max polls: 1
2025-12-18 20:40:43.465 DEBUG (MainThread) [rasc.abstraction] Max polls: 2
2025-12-18 20:40:43.465 DEBUG (MainThread) [rasc.abstraction] Next polling interval for cover.rpi_device_door: 0:00:00.000020
2025-12-18 20:40:43.466 DEBUG (MainThread) [rasc.abstraction] cover.rpi_device_door close_cover : start
2025-12-18 20:40:43.466 DEBUG (MainThread) [rasc.abstraction] Next polling interval for cover.rpi_device_door: 0:00:03.874875
2025-12-18 20:40:47.344 DEBUG (MainThread) [rasc.abstraction] # polls used: 2, current_time: 2025-12-18 20:40:47.344
2025-12-18 20:40:47.344 DEBUG (MainThread) [rasc.abstraction] cover.rpi_device_door close_cover : complete
2025-12-18 20:40:47.345 INFO (MainThread) [homeassistant.components.rasc] Completed reset action close_cover on cover.rpi_device_door
2025-12-18 20:40:47.345 INFO (MainThread) [homeassistant.components.rasc] Start action open_cover on cover.rpi_device_door with data {}
2025-12-18 20:40:47.345 DEBUG (MainThread) [rasc.abstraction] Execute service: <ServiceCall cover.open_cover (c:01KCT7PC7HRCE4EVRPBDH3Q932): entity_id=cover.rpi_device_door>
2025-12-18 20:40:47.347 DEBUG (MainThread) [rasc.abstraction] cover.rpi_device_door open_cover : ack
2025-12-18 20:40:47.347 DEBUG (MainThread) [rasc.abstraction] Start tracking cover.rpi_device_door
2025-12-18 20:40:47.413 DEBUG (MainThread) [rasc.abstraction] Max polls: 1
2025-12-18 20:40:47.477 DEBUG (MainThread) [rasc.abstraction] Max polls: 2
2025-12-18 20:40:47.478 DEBUG (MainThread) [rasc.abstraction] Next polling interval for cover.rpi_device_door: 0:00:00.000024
2025-12-18 20:40:47.479 DEBUG (MainThread) [rasc.abstraction] cover.rpi_device_door open_cover : start
2025-12-18 20:40:47.479 DEBUG (MainThread) [rasc.abstraction] Next polling interval for cover.rpi_device_door: 0:00:03.894719
2025-12-18 20:40:51.376 DEBUG (MainThread) [rasc.abstraction] # polls used: 2, current_time: 2025-12-18 20:40:51.376
2025-12-18 20:40:51.376 DEBUG (MainThread) [rasc.abstraction] cover.rpi_device_door open_cover : complete
2025-12-18 20:40:51.378 INFO (MainThread) [homeassistant.components.rasc] Completed action open_cover on cover.rpi_device_door
2025-12-18 20:40:51.378 INFO (MainThread) [homeassistant.components.rasc] Start reset action close_cover on cover.rpi_device_door with data {}
2025-12-18 20:40:51.378 DEBUG (MainThread) [rasc.abstraction] Execute service: <ServiceCall cover.close_cover (c:01KCT7PG5JYS4RDMD41TB1VNM4): entity_id=cover.rpi_device_door>
2025-12-18 20:40:51.379 DEBUG (MainThread) [rasc.abstraction] cover.rpi_device_door close_cover : ack
2025-12-18 20:40:51.379 DEBUG (MainThread) [rasc.abstraction] Start tracking cover.rpi_device_door
2025-12-18 20:40:51.449 DEBUG (MainThread) [rasc.abstraction] Max polls: 1
2025-12-18 20:40:51.515 DEBUG (MainThread) [rasc.abstraction] Max polls: 2
2025-12-18 20:40:51.516 DEBUG (MainThread) [rasc.abstraction] Next polling interval for cover.rpi_device_door: 0:00:00.000020
2025-12-18 20:40:51.516 DEBUG (MainThread) [rasc.abstraction] cover.rpi_device_door close_cover : start
2025-12-18 20:40:51.516 DEBUG (MainThread) [rasc.abstraction] Next polling interval for cover.rpi_device_door: 0:00:03.867828
2025-12-18 20:40:55.386 DEBUG (MainThread) [rasc.abstraction] # polls used: 2, current_time: 2025-12-18 20:40:55.386
2025-12-18 20:40:55.386 DEBUG (MainThread) [rasc.abstraction] cover.rpi_device_door close_cover : complete
2025-12-18 20:40:55.387 INFO (MainThread) [homeassistant.components.rasc] Completed reset action close_cover on cover.rpi_device_door
2025-12-18 20:40:55.388 INFO (MainThread) [homeassistant.components.rasc] Start action open_cover on cover.rpi_device_shade with data {}
2025-12-18 20:40:55.388 DEBUG (MainThread) [rasc.abstraction] Execute service: <ServiceCall cover.open_cover (c:01KCT7PM2WW3KPTW24YMVVK6EP): entity_id=cover.rpi_device_shade>
2025-12-18 20:40:55.389 DEBUG (MainThread) [rasc.abstraction] cover.rpi_device_shade open_cover : ack
2025-12-18 20:40:55.389 DEBUG (MainThread) [rasc.abstraction] Start tracking cover.rpi_device_shade
2025-12-18 20:40:55.450 DEBUG (MainThread) [rasc.abstraction] Max polls: 1
2025-12-18 20:40:55.703 DEBUG (MainThread) [rasc.abstraction] Max polls: 1
2025-12-18 20:40:55.704 DEBUG (MainThread) [rasc.abstraction] Next polling interval for cover.rpi_device_shade: 0:00:00.000066
2025-12-18 20:40:55.704 DEBUG (MainThread) [rasc.abstraction] cover.rpi_device_shade open_cover : start
2025-12-18 20:40:55.705 DEBUG (MainThread) [rasc.abstraction] Next polling interval for cover.rpi_device_shade: 0:00:30.118522
2025-12-18 20:41:25.825 DEBUG (MainThread) [rasc.abstraction] # polls used: 2, current_time: 2025-12-18 20:41:25.825
2025-12-18 20:41:25.825 DEBUG (MainThread) [rasc.abstraction] cover.rpi_device_shade open_cover : complete
2025-12-18 20:41:25.825 INFO (MainThread) [homeassistant.components.rasc] Completed action open_cover on cover.rpi_device_shade
2025-12-18 20:41:25.825 INFO (MainThread) [homeassistant.components.rasc] Start reset action close_cover on cover.rpi_device_shade with data {}
2025-12-18 20:41:25.825 DEBUG (MainThread) [rasc.abstraction] Execute service: <ServiceCall cover.close_cover (c:01KCT7QHT17C9874BNBE73Y05P): entity_id=cover.rpi_device_shade>
2025-12-18 20:41:25.827 DEBUG (MainThread) [rasc.abstraction] cover.rpi_device_shade close_cover : ack
2025-12-18 20:41:25.827 DEBUG (MainThread) [rasc.abstraction] Start tracking cover.rpi_device_shade
2025-12-18 20:41:25.878 DEBUG (MainThread) [rasc.abstraction] Max polls: 1
2025-12-18 20:41:26.097 DEBUG (MainThread) [rasc.abstraction] Max polls: 2
2025-12-18 20:41:26.098 DEBUG (MainThread) [rasc.abstraction] Next polling interval for cover.rpi_device_shade: 0:00:00.000068
2025-12-18 20:41:26.099 DEBUG (MainThread) [rasc.abstraction] cover.rpi_device_shade close_cover : start
2025-12-18 20:41:26.099 DEBUG (MainThread) [rasc.abstraction] Next polling interval for cover.rpi_device_shade: 0:00:27.547678
2025-12-18 20:41:53.647 DEBUG (MainThread) [rasc.abstraction] # polls used: 2, current_time: 2025-12-18 20:41:53.647
2025-12-18 20:41:53.648 DEBUG (MainThread) [rasc.abstraction] cover.rpi_device_shade close_cover : complete
2025-12-18 20:41:53.648 INFO (MainThread) [homeassistant.components.rasc] Completed reset action close_cover on cover.rpi_device_shade
2025-12-18 20:41:53.648 INFO (MainThread) [homeassistant.components.rasc] Start action open_cover on cover.rpi_device_shade with data {}
2025-12-18 20:41:53.648 DEBUG (MainThread) [rasc.abstraction] Execute service: <ServiceCall cover.open_cover (c:01KCT7RCZGFD6SXBGDR0VMPKQX): entity_id=cover.rpi_device_shade>
2025-12-18 20:41:53.651 DEBUG (MainThread) [rasc.abstraction] cover.rpi_device_shade open_cover : ack
2025-12-18 20:41:53.651 DEBUG (MainThread) [rasc.abstraction] Start tracking cover.rpi_device_shade
2025-12-18 20:41:53.683 DEBUG (MainThread) [rasc.abstraction] Max polls: 1
2025-12-18 20:41:53.937 DEBUG (MainThread) [rasc.abstraction] Max polls: 1
2025-12-18 20:41:53.938 DEBUG (MainThread) [rasc.abstraction] Next polling interval for cover.rpi_device_shade: 0:00:00.000066
2025-12-18 20:41:53.939 DEBUG (MainThread) [rasc.abstraction] cover.rpi_device_shade open_cover : start
2025-12-18 20:41:53.939 DEBUG (MainThread) [rasc.abstraction] Next polling interval for cover.rpi_device_shade: 0:00:30.148485
2025-12-18 20:42:24.089 DEBUG (MainThread) [rasc.abstraction] # polls used: 2, current_time: 2025-12-18 20:42:24.089
2025-12-18 20:42:24.089 DEBUG (MainThread) [rasc.abstraction] cover.rpi_device_shade open_cover : complete
2025-12-18 20:42:24.089 INFO (MainThread) [homeassistant.components.rasc] Completed action open_cover on cover.rpi_device_shade
2025-12-18 20:42:24.089 INFO (MainThread) [homeassistant.components.rasc] Start reset action close_cover on cover.rpi_device_shade with data {}
2025-12-18 20:42:24.089 DEBUG (MainThread) [rasc.abstraction] Execute service: <ServiceCall cover.close_cover (c:01KCT7SAPSG0F4066ZNYY68NND): entity_id=cover.rpi_device_shade>
2025-12-18 20:42:24.091 DEBUG (MainThread) [rasc.abstraction] cover.rpi_device_shade close_cover : ack
2025-12-18 20:42:24.091 DEBUG (MainThread) [rasc.abstraction] Start tracking cover.rpi_device_shade
2025-12-18 20:42:24.127 DEBUG (MainThread) [rasc.abstraction] Max polls: 1
2025-12-18 20:42:24.349 DEBUG (MainThread) [rasc.abstraction] Max polls: 2
2025-12-18 20:42:24.349 DEBUG (MainThread) [rasc.abstraction] Next polling interval for cover.rpi_device_shade: 0:00:00.000065
2025-12-18 20:42:24.351 DEBUG (MainThread) [rasc.abstraction] cover.rpi_device_shade close_cover : start
2025-12-18 20:42:24.351 DEBUG (MainThread) [rasc.abstraction] Next polling interval for cover.rpi_device_shade: 0:00:27.541606
2025-12-18 20:42:33.158 ERROR (MainThread) [root] Uncaught exception
Traceback (most recent call last):
  File "/home/kw37/RASCal-NSDI-26-Artifacts/home-assistant-core/.venv/bin/hass", line 10, in <module>
    sys.exit(main())
             ^^^^^^
  File "/home/kw37/RASCal-NSDI-26-Artifacts/home-assistant-core/homeassistant/__main__.py", line 204, in main
    exit_code = runner.run(runtime_conf)
                ^^^^^^^^^^^^^^^^^^^^^^^^
  File "/home/kw37/RASCal-NSDI-26-Artifacts/home-assistant-core/homeassistant/runner.py", line 186, in run
    return loop.run_until_complete(setup_and_run_hass(runtime_config))
           ^^^^^^^^^^^^^^^^^^^^^^^^^^^^^^^^^^^^^^^^^^^^^^^^^^^^^^^^^^^
  File "/home/kw37/.local/share/uv/python/cpython-3.11.4-linux-x86_64-gnu/lib/python3.11/asyncio/base_events.py", line 640, in run_until_complete
    self.run_forever()
  File "/home/kw37/.local/share/uv/python/cpython-3.11.4-linux-x86_64-gnu/lib/python3.11/asyncio/base_events.py", line 607, in run_forever
    self._run_once()
  File "/home/kw37/.local/share/uv/python/cpython-3.11.4-linux-x86_64-gnu/lib/python3.11/asyncio/base_events.py", line 1884, in _run_once
    event_list = self._selector.select(timeout)
                 ^^^^^^^^^^^^^^^^^^^^^^^^^^^^^^
  File "/home/kw37/.local/share/uv/python/cpython-3.11.4-linux-x86_64-gnu/lib/python3.11/selectors.py", line 468, in select
    fd_event_list = self._selector.poll(timeout, max_ev)
                    ^^^^^^^^^^^^^^^^^^^^^^^^^^^^^^^^^^^^
KeyboardInterrupt
