[32m[INFO] Initialize thermostat service. Entity ID: climate.rpi_device_thermostat[0m
[32m[INFO] Initialize thermostat service. Entity ID: climate.rpi_device_thermostat[0m
[32m[INFO] Initialize thermostat service. Entity ID: climate.rpi_device_thermostat[0m
[32m[INFO] Initialize thermostat service. Entity ID: climate.rpi_device_thermostat[0m
[32m[INFO] Initialize thermostat service. Entity ID: climate.rpi_device_thermostat[0m
[33m[DEBUG] Action length: 323.0[0m
[33m[DEBUG] Interruption level: None[0m
[33m[DEBUG] Interruption time: nan[0m
[33m[DEBUG] Interruption moment: 0.5[0m
[32m[INFO] Transition from 68 to 69 at 2025-12-18 20:59:12.633[0m
[32m[INFO] Initialize thermostat service. Entity ID: climate.rpi_device_thermostat[0m
[33m[DEBUG] Action length: 448.0[0m
[33m[DEBUG] Interruption level: None[0m
[33m[DEBUG] Interruption time: nan[0m
[33m[DEBUG] Interruption moment: 0.5[0m
[32m[INFO] Transition from 68 to 69 at 2025-12-18 21:00:29.094[0m
[32m[INFO] Initialize thermostat service. Entity ID: climate.rpi_device_thermostat[0m
[32m[INFO] Initialize thermostat service. Entity ID: climate.rpi_device_thermostat[0m
[32m[INFO] Initialize thermostat service. Entity ID: climate.rpi_device_thermostat[0m
[33m[DEBUG] Action length: 403.0[0m
[33m[DEBUG] Interruption level: None[0m
[33m[DEBUG] Interruption time: nan[0m
[33m[DEBUG] Interruption moment: 0.5[0m
[32m[INFO] Transition from 68 to 69 at 2025-12-18 21:05:08.512[0m
[32m[INFO] Initialize thermostat service. Entity ID: climate.rpi_device_thermostat[0m
[32m[INFO] Initialize thermostat service. Entity ID: climate.rpi_device_thermostat[0m
[32m[INFO] Initialize thermostat service. Entity ID: climate.rpi_device_thermostat[0m
[32m[INFO] Initialize thermostat service. Entity ID: climate.rpi_device_thermostat[0m
[33m[DEBUG] Action length: 506.0[0m
[33m[DEBUG] Interruption level: None[0m
[33m[DEBUG] Interruption time: 0.0[0m
[33m[DEBUG] Interruption moment: 0.5[0m
[32m[INFO] Transition from 68 to 69 at 2025-12-18 21:07:44.844[0m
[32m[INFO] Initialize thermostat service. Entity ID: climate.rpi_device_thermostat[0m
[33m[DEBUG] Action length: 425.0[0m
[33m[DEBUG] Interruption level: None[0m
[33m[DEBUG] Interruption time: 0.0[0m
[33m[DEBUG] Interruption moment: 0.5[0m
[32m[INFO] Transition from 68 to 69 at 2025-12-18 21:08:48.087[0m
[32m[INFO] Initialize thermostat service. Entity ID: climate.rpi_device_thermostat[0m
[32m[INFO] Initialize thermostat service. Entity ID: climate.rpi_device_thermostat[0m
[32m[INFO] Initialize thermostat service. Entity ID: climate.rpi_device_thermostat[0m
[32m[INFO] Initialize thermostat service. Entity ID: climate.rpi_device_thermostat[0m
